{"uuid":"4edd0b0b-2df3-4140-87e5-666c9a01689b","historyId":"1c46ecb8eb209254ca543585d01e148","fullName":"com.griddynamics.qa.vikta.uitesting.sample.tests.UserTest.testCategorySearch","labels":[{"name":"package","value":"com.griddynamics.qa.vikta.uitesting.sample.tests.UserTest"},{"name":"testClass","value":"com.griddynamics.qa.vikta.uitesting.sample.tests.UserTest"},{"name":"testMethod","value":"testCategorySearch"},{"name":"parentSuite","value":"Default Suite"},{"name":"suite","value":"Vikta-UI-testing-sample"},{"name":"subSuite","value":"com.griddynamics.qa.vikta.uitesting.sample.tests.UserTest"},{"name":"host","value":"C15872"},{"name":"thread","value":"65138@C15872.main(1)"},{"name":"framework","value":"testng"},{"name":"language","value":"java"}],"links":[],"name":"testCategorySearch","status":"failed","statusDetails":{"known":false,"muted":false,"flaky":false,"message":"Element not found {$$(15 elements)[1]}\nExpected: exist\nScreenshot: file:/Users/dtymoshenko/IdeaProjects/Module13/Vikta-UI-testing-sample/build/reports/tests/1744093767010.0.png\nPage source: file:/Users/dtymoshenko/IdeaProjects/Module13/Vikta-UI-testing-sample/build/reports/tests/1744093767010.0.html\nTimeout: 80 s.\nCaused by: StaleElementReferenceException: stale element reference: stale element not found","trace":"Element not found {$$(15 elements)[1]}\nExpected: exist\nScreenshot: file:/Users/dtymoshenko/IdeaProjects/Module13/Vikta-UI-testing-sample/build/reports/tests/1744093767010.0.png\nPage source: file:/Users/dtymoshenko/IdeaProjects/Module13/Vikta-UI-testing-sample/build/reports/tests/1744093767010.0.html\nTimeout: 80 s.\nCaused by: StaleElementReferenceException: stale element reference: stale element not found\n\tat com.codeborne.selenide.impl.WebElementSource.createElementNotFoundError(WebElementSource.java:83)\n\tat com.codeborne.selenide.impl.CollectionElement.createElementNotFoundError(CollectionElement.java:63)\n\tat com.codeborne.selenide.impl.ExceptionWrapper.wrap(ExceptionWrapper.java:32)\n\tat com.codeborne.selenide.impl.SelenideElementProxy.dispatchAndRetry(SelenideElementProxy.java:156)\n\tat com.codeborne.selenide.impl.SelenideElementProxy.invoke(SelenideElementProxy.java:86)\n\tat jdk.proxy2/jdk.proxy2.$Proxy21.getAttribute(Unknown Source)\n\tat com.griddynamics.qa.vikta.uitesting.sample.stepsDefinitions.HomePageSteps.loopThroughCategories(HomePageSteps.java:66)\n\tat com.griddynamics.qa.vikta.uitesting.sample.tests.UserTest.testCategorySearch(UserTest.java:44)\n\tat java.base/jdk.internal.reflect.NativeMethodAccessorImpl.invoke0(Native Method)\n\tat java.base/jdk.internal.reflect.NativeMethodAccessorImpl.invoke(NativeMethodAccessorImpl.java:77)\n\tat java.base/jdk.internal.reflect.DelegatingMethodAccessorImpl.invoke(DelegatingMethodAccessorImpl.java:43)\n\tat java.base/java.lang.reflect.Method.invoke(Method.java:569)\n\tat org.testng.internal.invokers.MethodInvocationHelper.invokeMethod(MethodInvocationHelper.java:141)\n\tat org.testng.internal.invokers.TestInvoker.invokeMethod(TestInvoker.java:687)\n\tat org.testng.internal.invokers.TestInvoker.invokeTestMethod(TestInvoker.java:230)\n\tat org.testng.internal.invokers.MethodRunner.runInSequence(MethodRunner.java:63)\n\tat org.testng.internal.invokers.TestInvoker$MethodInvocationAgent.invoke(TestInvoker.java:995)\n\tat org.testng.internal.invokers.TestInvoker.invokeTestMethods(TestInvoker.java:203)\n\tat org.testng.internal.invokers.TestMethodWorker.invokeTestMethods(TestMethodWorker.java:154)\n\tat org.testng.internal.invokers.TestMethodWorker.run(TestMethodWorker.java:134)\n\tat java.base/java.util.ArrayList.forEach(ArrayList.java:1511)\n\tat org.testng.TestRunner.privateRun(TestRunner.java:741)\n\tat org.testng.TestRunner.run(TestRunner.java:616)\n\tat org.testng.SuiteRunner.runTest(SuiteRunner.java:421)\n\tat org.testng.SuiteRunner.runSequentially(SuiteRunner.java:413)\n\tat org.testng.SuiteRunner.privateRun(SuiteRunner.java:373)\n\tat org.testng.SuiteRunner.run(SuiteRunner.java:312)\n\tat org.testng.SuiteRunnerWorker.runSuite(SuiteRunnerWorker.java:52)\n\tat org.testng.SuiteRunnerWorker.run(SuiteRunnerWorker.java:95)\n\tat org.testng.TestNG.runSuitesSequentially(TestNG.java:1274)\n\tat org.testng.TestNG.runSuitesLocally(TestNG.java:1208)\n\tat org.testng.TestNG.runSuites(TestNG.java:1112)\n\tat org.testng.TestNG.run(TestNG.java:1079)\n\tat com.intellij.rt.testng.IDEARemoteTestNG.run(IDEARemoteTestNG.java:65)\n\tat com.intellij.rt.testng.RemoteTestNGStarter.main(RemoteTestNGStarter.java:105)\nCaused by: org.openqa.selenium.StaleElementReferenceException: stale element reference: stale element not found\n  (Session info: chrome=135.0.7049.41)\nFor documentation on this error, please visit: https://selenium.dev/exceptions/#stale_element_reference\nBuild info: version: '4.0.0-rc-2', revision: '8d1e4aa5ae'\nSystem info: host: 'C15872', ip: '172.18.188.125', os.name: 'Mac OS X', os.arch: 'aarch64', os.version: '15.4', java.version: '17.0.14'\nDriver info: org.openqa.selenium.chrome.ChromeDriver\nCommand: [7b45581dd2b7d7b09da1ec787c42b111, getElementAttribute {id=f.8B081F41EE61E5A2AD9DC589D8739AD7.d.4FE022FB832017C38F30A34DE718C3B4.e.229, name=id}]\nCapabilities {acceptInsecureCerts: false, browserName: chrome, browserVersion: 135.0.7049.41, chrome: {chromedriverVersion: 135.0.7049.42 (0f351bbd2617..., userDataDir: /var/folders/5w/g_8q_3fj28q...}, fedcm:accounts: true, goog:chromeOptions: {debuggerAddress: localhost:50367}, javascriptEnabled: true, networkConnectionEnabled: false, pageLoadStrategy: normal, platform: MAC, platformName: MAC, proxy: Proxy(), se:cdp: ws://localhost:50367/devtoo..., se:cdpVersion: 135.0.7049.41, setWindowRect: true, strictFileInteractability: false, timeouts: {implicit: 0, pageLoad: 300000, script: 30000}, unhandledPromptBehavior: accept, webauthn:extension:credBlob: true, webauthn:extension:largeBlob: true, webauthn:extension:minPinLength: true, webauthn:extension:prf: true, webauthn:virtualAuthenticators: true}\nElement: [[ChromeDriver: chrome on MAC (7b45581dd2b7d7b09da1ec787c42b111)] -> css selector: #divCategoryNames > div[id^='category']]\nSession ID: 7b45581dd2b7d7b09da1ec787c42b111\n\tat jdk.internal.reflect.GeneratedConstructorAccessor11.newInstance(Unknown Source)\n\tat java.base/jdk.internal.reflect.DelegatingConstructorAccessorImpl.newInstance(DelegatingConstructorAccessorImpl.java:45)\n\tat java.base/java.lang.reflect.Constructor.newInstanceWithCaller(Constructor.java:500)\n\tat java.base/java.lang.reflect.Constructor.newInstance(Constructor.java:481)\n\tat org.openqa.selenium.remote.codec.w3c.W3CHttpResponseCodec.createException(W3CHttpResponseCodec.java:200)\n\tat org.openqa.selenium.remote.codec.w3c.W3CHttpResponseCodec.decode(W3CHttpResponseCodec.java:133)\n\tat org.openqa.selenium.remote.codec.w3c.W3CHttpResponseCodec.decode(W3CHttpResponseCodec.java:53)\n\tat org.openqa.selenium.remote.HttpCommandExecutor.execute(HttpCommandExecutor.java:184)\n\tat org.openqa.selenium.remote.service.DriverCommandExecutor.invokeExecute(DriverCommandExecutor.java:164)\n\tat org.openqa.selenium.remote.service.DriverCommandExecutor.execute(DriverCommandExecutor.java:139)\n\tat org.openqa.selenium.remote.RemoteWebDriver.execute(RemoteWebDriver.java:559)\n\tat org.openqa.selenium.remote.RemoteWebElement.execute(RemoteWebElement.java:251)\n\tat org.openqa.selenium.remote.RemoteWebElement.getAttribute(RemoteWebElement.java:152)\n\tat com.codeborne.selenide.commands.GetAttribute.execute(GetAttribute.java:20)\n\tat com.codeborne.selenide.commands.GetAttribute.execute(GetAttribute.java:13)\n\tat com.codeborne.selenide.commands.Commands.execute(Commands.java:157)\n\tat com.codeborne.selenide.impl.SelenideElementProxy.dispatchAndRetry(SelenideElementProxy.java:134)\n\t... 31 more\n"},"stage":"finished","steps":[],"attachments":[],"parameters":[],"start":1744093684908,"stop":1744093767293}